<?xml version="1.0" encoding="UTF-8"?>
<!-- Generated by org.testng.reporters.JUnitXMLReporter -->
<testsuite hostname="LAPTOP-BG21BR8A" name="Test" tests="3" failures="0" timestamp="5 Aug 2018 04:25:52 GMT" time="81.705" errors="0">
  <testcase name="TC0015" time="19.324" classname="com.homepageTest.HomePageTest"/>
  <testcase name="TC001" time="30.4" classname="com.registrationTest.RegistrationTest"/>
  <testcase name="TC002" time="29.276" classname="com.registrationTest.RegistrationTest"/>
</testsuite> <!-- Test -->
